\BOOKMARK [0][-]{chapter*.2}{\376\377\000A\000b\000s\000t\000r\000a\000c\000t}{}% 1
\BOOKMARK [0][-]{chapter*.3}{\376\377\000D\000e\000c\000l\000a\000r\000a\000t\000i\000o\000n\000\040\000o\000f\000\040\000O\000r\000i\000g\000i\000n\000a\000l\000i\000t\000y}{}% 2
\BOOKMARK [0][-]{chapter*.4}{\376\377\000A\000c\000k\000n\000o\000w\000l\000e\000d\000g\000e\000m\000e\000n\000t\000s}{}% 3
\BOOKMARK [0][-]{chapter.1}{\376\377\000I\000n\000t\000r\000o\000d\000u\000c\000t\000i\000o\000n}{}% 4
\BOOKMARK [0][-]{chapter.2}{\376\377\000P\000u\000l\000s\000a\000r\000\040\000W\000i\000n\000d\000\040\000N\000e\000b\000u\000l\000a\000e}{}% 5
\BOOKMARK [1][-]{section.2.1}{\376\377\000P\000u\000l\000s\000a\000r\000\040\000W\000i\000n\000d\000\040\000N\000e\000b\000u\000l\000a\000e}{chapter.2}% 6
\BOOKMARK [2][-]{subsection.2.1.1}{\376\377\000N\000e\000u\000t\000r\000o\000n\000\040\000S\000t\000a\000r\000s\000/\000\040\000P\000u\000l\000s\000a\000r\000s}{section.2.1}% 7
\BOOKMARK [2][-]{subsection.2.1.2}{\376\377\000T\000i\000m\000e\000\040\000E\000v\000o\000l\000u\000t\000i\000o\000n\000\040\000o\000f\000\040\000P\000u\000l\000s\000a\000r\000\040\000W\000i\000n\000d\000\040\000N\000e\000b\000u\000l\000a\000e}{section.2.1}% 8
\BOOKMARK [2][-]{subsection.2.1.3}{\376\377\000T\000e\000V\000\040\000P\000u\000l\000s\000a\000r\000\040\000W\000i\000n\000d\000\040\000N\000e\000b\000u\000l\000a}{section.2.1}% 9
\BOOKMARK [2][-]{subsection.2.1.4}{\376\377\000M\000y\000s\000t\000e\000r\000i\000e\000s\000\040\000o\000f\000\040\000P\000u\000l\000s\000a\000r\000\040\000W\000i\000n\000d\000\040\000N\000e\000b\000u\000l\000a\000e}{section.2.1}% 10
\BOOKMARK [2][-]{subsection.2.1.5}{\376\377\000H\000E\000S\000S\000\040\000J\0001\0008\0002\0005\000-\0001\0003\0007\000\040\000a\000n\000d\000\040\000H\000E\000S\000S\000\040\000J\0001\0008\0002\0006\000-\0001\0003\0000}{section.2.1}% 11
\BOOKMARK [1][-]{section.2.2}{\376\377\000C\000o\000s\000m\000i\000c\000\040\000R\000a\000y\000s}{chapter.2}% 12
\BOOKMARK [2][-]{subsection.2.2.1}{\376\377\000A\000c\000c\000e\000l\000e\000r\000a\000t\000i\000o\000n\000\040\000o\000f\000\040\000C\000h\000a\000r\000g\000e\000d\000\040\000P\000a\000r\000t\000i\000c\000l\000e\000s}{section.2.2}% 13
\BOOKMARK [2][-]{subsection.2.2.2}{\376\377\000P\000r\000o\000p\000a\000g\000a\000t\000i\000o\000n\000\040\000o\000f\000\040\000c\000h\000a\000r\000g\000e\000d\000\040\000p\000a\000r\000t\000i\000c\000l\000e\000s}{section.2.2}% 14
\BOOKMARK [2][-]{subsection.2.2.3}{\376\377\000C\000o\000s\000m\000i\000c\000\040\000R\000a\000y\000\040\000S\000p\000e\000c\000t\000r\000u\000m}{section.2.2}% 15
\BOOKMARK [2][-]{subsection.2.2.4}{\376\377\000P\000e\000V\000a\000t\000r\000o\000n\000s}{section.2.2}% 16
\BOOKMARK [1][-]{section.2.3}{\376\377\000G\000a\000m\000m\000a\000-\000r\000a\000y\000s\000:\000\040\000m\000e\000s\000s\000e\000n\000g\000e\000r\000s\000\040\000o\000f\000\040\000c\000o\000s\000m\000i\000c\000\040\000r\000a\000y\000s}{chapter.2}% 17
\BOOKMARK [2][-]{subsection.2.3.1}{\376\377\000A\000\040\000b\000r\000i\000e\000f\000\040\000h\000i\000s\000t\000o\000r\000y}{section.2.3}% 18
\BOOKMARK [2][-]{subsection.2.3.2}{\376\377\000H\000a\000d\000r\000o\000n\000i\000c\000\040\000G\000a\000m\000m\000a\000-\000R\000a\000y\000\040\000E\000m\000i\000s\000s\000i\000o\000n}{section.2.3}% 19
\BOOKMARK [2][-]{subsection.2.3.3}{\376\377\000L\000e\000p\000t\000o\000n\000i\000c\000\040\000G\000a\000m\000m\000a\000-\000R\000a\000y\000\040\000e\000m\000i\000s\000s\000i\000o\000n}{section.2.3}% 20
\BOOKMARK [0][-]{chapter.3}{\376\377\000G\000a\000m\000m\000a\000\040\000R\000a\000y\000\040\000A\000s\000t\000r\000o\000n\000o\000m\000y}{}% 21
\BOOKMARK [1][-]{section.3.1}{\376\377\000A\000i\000r\000\040\000S\000h\000o\000w\000e\000r\000s}{chapter.3}% 22
\BOOKMARK [2][-]{subsection.3.1.1}{\376\377\000G\000a\000m\000m\000a\000-\000r\000a\000y\000\040\000A\000i\000r\000\040\000S\000h\000o\000w\000e\000r\000s}{section.3.1}% 23
\BOOKMARK [2][-]{subsection.3.1.2}{\376\377\000C\000o\000s\000m\000i\000c\000-\000r\000a\000y\000\040\000A\000i\000r\000\040\000S\000h\000o\000w\000e\000r\000s}{section.3.1}% 24
\BOOKMARK [2][-]{subsection.3.1.3}{\376\377\000C\000h\000e\000r\000e\000n\000k\000o\000v\000\040\000L\000i\000g\000h\000t\000\040\000a\000n\000d\000\040\000C\000h\000e\000r\000e\000n\000k\000o\000v\000\040\000T\000e\000l\000e\000s\000c\000o\000p\000e\000s}{section.3.1}% 25
\BOOKMARK [1][-]{section.3.2}{\376\377\000T\000e\000V\000\040\000G\000a\000m\000m\000a\000-\000r\000a\000y\000\040\000O\000b\000s\000e\000r\000v\000a\000t\000o\000r\000i\000e\000s}{chapter.3}% 26
\BOOKMARK [2][-]{subsection.3.2.1}{\376\377\000T\000h\000e\000\040\000H\000i\000g\000h\000\040\000E\000n\000e\000r\000g\000y\000\040\000S\000t\000e\000r\000e\000o\000s\000c\000o\000p\000i\000c\000\040\000S\000y\000s\000t\000e\000m}{section.3.2}% 27
\BOOKMARK [2][-]{subsection.3.2.2}{\376\377\000F\000e\000r\000m\000i\000-\000L\000A\000T}{section.3.2}% 28
\BOOKMARK [2][-]{subsection.3.2.3}{\376\377\000L\000H\000A\000A\000S\000O}{section.3.2}% 29
\BOOKMARK [2][-]{subsection.3.2.4}{\376\377\000H\000A\000W\000C}{section.3.2}% 30
\BOOKMARK [2][-]{subsection.3.2.5}{\376\377\000T\000h\000e\000\040\000C\000h\000e\000r\000e\000n\000k\000o\000v\000\040\000T\000e\000l\000e\000s\000c\000o\000p\000e\000\040\000A\000r\000r\000a\000y}{section.3.2}% 31
\BOOKMARK [0][-]{chapter.4}{\376\377\000I\000S\000M\000\040\000t\000o\000w\000a\000r\000d\000s\000\040\000H\000E\000S\000S\000J\0001\0008\0002\0005\000-\0001\0003\0007\000\040\000a\000n\000d\000\040\000H\000E\000S\000S\000J\0001\0008\0002\0006\000-\0001\0003\0000}{}% 32
\BOOKMARK [1][-]{section.4.1}{\376\377\000D\000e\000t\000e\000c\000t\000i\000n\000g\000\040\000t\000h\000e\000\040\000i\000n\000t\000e\000r\000s\000t\000e\000l\000l\000a\000r\000\040\000m\000e\000d\000i\000u\000m}{chapter.4}% 33
\BOOKMARK [2][-]{subsection.4.1.1}{\376\377\000S\000p\000e\000c\000i\000f\000i\000c\000\040\000I\000n\000t\000e\000n\000s\000i\000t\000y\000,\000\040\000S\000p\000e\000c\000i\000f\000i\000c\000\040\000F\000l\000u\000x\000\040\000a\000n\000d\000\040\000B\000o\000l\000o\000m\000e\000t\000r\000i\000c\000\040\000f\000l\000u\000x}{section.4.1}% 34
\BOOKMARK [2][-]{subsection.4.1.2}{\376\377\000R\000a\000d\000i\000a\000t\000i\000v\000e\000\040\000T\000r\000a\000n\000s\000f\000e\000r}{section.4.1}% 35
\BOOKMARK [2][-]{subsection.4.1.3}{\376\377\000B\000l\000a\000c\000k\000\040\000B\000o\000d\000i\000e\000s}{section.4.1}% 36
\BOOKMARK [2][-]{subsection.4.1.4}{\376\377\000S\000p\000e\000c\000t\000r\000a\000l\000\040\000L\000i\000n\000e\000\040\000E\000x\000c\000i\000t\000a\000t\000i\000o\000n\000\040\000a\000n\000d\000\040\000E\000m\000i\000s\000s\000i\000o\000n}{section.4.1}% 37
\BOOKMARK [1][-]{section.4.2}{\376\377\000P\000r\000o\000b\000i\000n\000g\000\040\000t\000h\000e\000\040\000i\000n\000t\000e\000r\000s\000t\000e\000l\000l\000a\000r\000\040\000m\000e\000d\000i\000u\000m}{chapter.4}% 38
\BOOKMARK [2][-]{subsection.4.2.1}{\376\377\000M\000o\000l\000e\000c\000u\000l\000a\000r\000\040\000T\000r\000a\000c\000e\000r\000s}{section.4.2}% 39
\BOOKMARK [2][-]{subsection.4.2.2}{\376\377\000D\000o\000p\000p\000l\000e\000r\000\040\000S\000h\000i\000f\000t}{section.4.2}% 40
\BOOKMARK [2][-]{subsection.4.2.3}{\376\377\000G\000a\000l\000a\000c\000t\000i\000c\000\040\000R\000o\000t\000a\000t\000i\000o\000n\000\040\000C\000u\000r\000v\000e}{section.4.2}% 41
\BOOKMARK [2][-]{subsection.4.2.4}{\376\377\000M\000a\000g\000n\000e\000t\000i\000c\000\040\000f\000i\000e\000l\000d\000s\000\040\000i\000n\000\040\000m\000o\000l\000e\000c\000u\000l\000a\000r\000\040\000c\000l\000o\000u\000d\000s}{section.4.2}% 42
\BOOKMARK [2][-]{subsection.4.2.5}{\376\377\000H\000\040\000e\000m\000i\000s\000s\000i\000o\000n}{section.4.2}% 43
\BOOKMARK [2][-]{subsection.4.2.6}{\376\377\000N\000a\000n\000t\000e\000n\0002\000\040\000O\000b\000s\000e\000r\000v\000a\000t\000o\000r\000y}{section.4.2}% 44
\BOOKMARK [0][-]{chapter.5}{\376\377\000T\000i\000m\000e\000\040\000e\000v\000o\000l\000u\000t\000i\000o\000n\000\040\000o\000f\000\040\000C\000R\000\040\000p\000a\000r\000t\000i\000c\000l\000e\000s}{}% 45
\BOOKMARK [1][-]{section.5.1}{\376\377\000R\000a\000d\000i\000a\000t\000i\000o\000n\000\040\000l\000o\000s\000s\000e\000s}{chapter.5}% 46
\BOOKMARK [2][-]{subsection.5.1.1}{\376\377\000I\000m\000p\000u\000l\000s\000i\000v\000e\000\040\000s\000o\000u\000r\000c\000e\000\040\000o\000f\000\040\000c\000o\000s\000m\000i\000c\000\040\000r\000a\000y\000s}{section.5.1}% 47
\BOOKMARK [2][-]{subsection.5.1.2}{\376\377\000C\000o\000n\000t\000i\000n\000u\000o\000u\000s\000\040\000s\000o\000u\000r\000c\000e\000\040\000o\000f\000\040\000c\000o\000s\000m\000i\000c\000\040\000r\000a\000y\000s}{section.5.1}% 48
\BOOKMARK [1][-]{section.5.2}{\376\377\000T\000r\000a\000n\000s\000p\000o\000r\000t\000\040\000o\000f\000\040\000C\000o\000s\000m\000i\000c\000\040\000R\000a\000y\000s}{chapter.5}% 49
\BOOKMARK [2][-]{subsection.5.2.1}{\376\377\000P\000r\000o\000p\000a\000g\000a\000t\000i\000o\000n\000\040\000o\000f\000\040\000C\000o\000s\000m\000i\000c\000\040\000R\000a\000y\000s}{section.5.2}% 50
\BOOKMARK [1][-]{section.5.3}{\376\377\000M\000o\000d\000e\000l\000l\000i\000n\000g\000\040\000t\000h\000e\000\040\000e\000n\000e\000r\000g\000y\000\040\000d\000e\000n\000s\000i\000t\000y\000\040\000d\000i\000s\000t\000r\000i\000b\000u\000t\000i\000o\000n\000\040\000o\000f\000\040\000c\000o\000s\000m\000i\000c\000\040\000r\000a\000y\000s}{chapter.5}% 51
\BOOKMARK [2][-]{subsection.5.3.1}{\376\377\000N\000e\000w\000s\000e\000d\000p\000r\000o\000d}{section.5.3}% 52
\BOOKMARK [2][-]{subsection.5.3.2}{\376\377\000I\000n\000c\000l\000u\000d\000i\000n\000g\000\040\000p\000a\000r\000t\000i\000c\000l\000e\000\040\000e\000s\000c\000a\000p\000e\000\040\000i\000n\000\040\000N\000e\000w\000s\000e\000d\000p\000r\000o\000d}{section.5.3}% 53
\BOOKMARK [2][-]{subsection.5.3.3}{\376\377\000I\000n\000v\000e\000s\000t\000i\000g\000a\000t\000i\000o\000n\000\040\000o\000f\000\040\000m\000a\000g\000n\000e\000t\000i\000c\000\040\000f\000i\000e\000l\000d\000\040\000t\000u\000r\000b\000u\000l\000e\000n\000c\000e\000\040\000r\000e\000g\000i\000m\000e\000s}{section.5.3}% 54
\BOOKMARK [2][-]{subsection.5.3.4}{\376\377\000A\000p\000p\000l\000i\000c\000a\000t\000i\000o\000n\000s\000\040\000o\000f\000\040\000N\000e\000w\000s\000e\000d\000p\000r\000o\000d}{section.5.3}% 55
\BOOKMARK [0][-]{chapter.6}{\376\377\000E\000x\000p\000l\000a\000i\000n\000i\000n\000g\000\040\000t\000h\000e\000\040\000e\000x\000t\000e\000n\000d\000e\000d\000\040\000G\000e\000V\000\040\000g\000a\000m\000m\000a\000-\000r\000a\000y\000\040\000e\000m\000i\000s\000s\000i\000o\000n\000\040\000a\000d\000j\000a\000c\000e\000n\000t\000\040\000t\000o\000\040\000H\000E\000S\000S\000J\0001\0008\0002\0005\000-\0001\0003\0007}{}% 56
\BOOKMARK [0][-]{chapter.7}{\376\377\000M\000o\000d\000e\000l\000l\000i\000n\000g\000\040\000t\000h\000e\000\040\0003\000D\000\040\000e\000n\000v\000i\000r\000o\000n\000m\000e\000n\000t\000\040\000a\000r\000o\000u\000n\000d\000\040\000P\000u\000l\000s\000a\000r\000\040\000W\000i\000n\000d\000\040\000N\000e\000b\000u\000l\000a\000e}{}% 57
\BOOKMARK [1][-]{section.7.1}{\376\377\000T\000h\000e\000\040\000T\000r\000a\000n\000s\000p\000o\000r\000t\000\040\000E\000q\000u\000a\000t\000i\000o\000n}{chapter.7}% 58
\BOOKMARK [2][-]{subsection.7.1.1}{\376\377\000P\000a\000r\000t\000i\000c\000l\000e\000\040\000T\000r\000a\000n\000s\000p\000o\000r\000t\000\040\000l\000i\000t\000e\000r\000a\000t\000u\000r\000e\000\040\000r\000e\000v\000i\000e\000w}{section.7.1}% 59
\BOOKMARK [2][-]{subsection.7.1.2}{\376\377\000N\000u\000m\000e\000r\000i\000c\000a\000l\000\040\000S\000o\000l\000u\000t\000i\000o\000n\000\040\000o\000f\000\040\000t\000h\000e\000\040\000T\000r\000a\000n\000s\000p\000o\000r\000t\000\040\000E\000q\000u\000a\000t\000i\000o\000n}{section.7.1}% 60
\BOOKMARK [2][-]{subsection.7.1.3}{\376\377\000M\000u\000l\000t\000i\000z\000o\000n\000e}{section.7.1}% 61
\BOOKMARK [2][-]{subsection.7.1.4}{\376\377\000A\000n\000a\000l\000y\000t\000i\000c\000a\000l\000\040\000S\000o\000l\000u\000t\000i\000o\000n\000:\000\040\000D\000i\000f\000f\000u\000s\000i\000o\000n\000-\000o\000n\000l\000y}{section.7.1}% 62
\BOOKMARK [2][-]{subsection.7.1.5}{\376\377\000D\000i\000f\000f\000u\000s\000i\000o\000n\000\040\000a\000n\000d\000\040\000R\000a\000d\000i\000a\000t\000i\000v\000e\000\040\000E\000n\000e\000r\000g\000y\000\040\000L\000o\000s\000s\000e\000s\000:\000\040\000A\000n\000a\000l\000y\000t\000i\000c\000a\000l\000\040\000a\000n\000d\000\040\000N\000u\000m\000e\000r\000i\000c\000a\000l\000\040\000S\000o\000l\000u\000t\000i\000o\000n\000\040\000C\000o\000m\000p\000a\000r\000i\000s\000o\000n}{section.7.1}% 63
\BOOKMARK [1][-]{section.7.2}{\376\377\000A\000d\000v\000e\000c\000t\000i\000o\000n}{chapter.7}% 64
\BOOKMARK [2][-]{subsection.7.2.1}{\376\377\000N\000u\000m\000e\000r\000i\000c\000a\000l\000\040\000S\000o\000l\000u\000t\000i\000o\000n}{section.7.2}% 65
\BOOKMARK [2][-]{subsection.7.2.2}{\376\377\000A\000n\000a\000l\000y\000t\000i\000c\000a\000l\000\040\000S\000o\000l\000u\000t\000i\000o\000n}{section.7.2}% 66
\BOOKMARK [1][-]{section.7.3}{\376\377\000S\000u\000m\000m\000a\000r\000y\000\040\000a\000n\000d\000\040\000A\000p\000p\000l\000i\000c\000a\000t\000i\000o\000n}{chapter.7}% 67
\BOOKMARK [0][-]{chapter.8}{\376\377\000A\000\040\0003\000D\000\040\000D\000i\000f\000f\000u\000s\000i\000v\000e\000\040\000a\000n\000d\000\040\000A\000d\000v\000e\000c\000t\000i\000v\000e\000\040\000M\000o\000d\000e\000l\000\040\000o\000f\000\040\000E\000l\000e\000c\000t\000r\000o\000n\000\040\000T\000r\000a\000n\000s\000p\000o\000r\000t\000\040\000A\000p\000p\000l\000i\000e\000d\000\040\000t\000o\000\040\000t\000h\000e\000\040\000P\000u\000l\000s\000a\000r\000\040\000W\000i\000n\000d\000\040\000N\000e\000b\000u\000l\000a\000\040\000H\000E\000S\000S\000\040\000J\0001\0008\0002\0005\000-\0001\0003\0007}{}% 68
\BOOKMARK [0][-]{chapter.9}{\376\377\000C\000o\000n\000c\000l\000u\000s\000i\000o\000n\000\040\000a\000n\000d\000\040\000F\000u\000t\000u\000r\000e\000\040\000W\000o\000r\000k}{}% 69
\BOOKMARK [0][-]{appendix.A}{\376\377\000S\000u\000p\000e\000r\000n\000o\000v\000a\000\040\000R\000e\000m\000n\000a\000n\000t\000s}{}% 70
\BOOKMARK [1][-]{section.A.1}{\376\377\000T\000h\000e\000\040\000s\000u\000p\000e\000r\000n\000o\000v\000a}{appendix.A}% 71
\BOOKMARK [1][-]{section.A.2}{\376\377\000S\000t\000a\000g\000e\000s\000\040\000o\000f\000\040\000a\000\040\000S\000u\000p\000e\000r\000n\000o\000v\000a\000\040\000R\000e\000m\000n\000a\000n\000t}{appendix.A}% 72
\BOOKMARK [2][-]{subsection.A.2.1}{\376\377\000F\000r\000e\000e\000\040\000E\000x\000p\000a\000n\000s\000i\000o\000n\000\040\000P\000h\000a\000s\000e}{section.A.2}% 73
\BOOKMARK [2][-]{subsection.A.2.2}{\376\377\000S\000e\000d\000o\000v\000-\000T\000a\000y\000l\000o\000r\000\040\000P\000h\000a\000s\000e}{section.A.2}% 74
\BOOKMARK [2][-]{subsection.A.2.3}{\376\377\000S\000n\000o\000w\000-\000P\000l\000o\000u\000g\000h\000\040\000P\000h\000a\000s\000e}{section.A.2}% 75
\BOOKMARK [0][-]{appendix.B}{\376\377\000D\000i\000f\000f\000u\000s\000i\000v\000e\000\040\000S\000h\000o\000c\000k\000\040\000A\000c\000c\000e\000l\000e\000r\000a\000t\000i\000o\000n}{}% 76
\BOOKMARK [1][-]{section.B.1}{\376\377\000F\000e\000r\000m\000i\000'\000s\000\040\000O\000r\000i\000g\000i\000n\000a\000l\000\040\000T\000h\000e\000o\000r\000y}{appendix.B}% 77
\BOOKMARK [1][-]{section.B.2}{\376\377\000D\000i\000f\000f\000u\000s\000i\000v\000e\000\040\000S\000h\000o\000c\000k\000\040\000A\000c\000c\000e\000l\000e\000r\000a\000t\000i\000o\000n}{appendix.B}% 78
\BOOKMARK [2][-]{subsection.B.2.1}{\376\377\000C\000o\000s\000m\000i\000c\000-\000r\000a\000y\000\040\000e\000n\000e\000r\000g\000y\000\040\000s\000p\000e\000c\000t\000r\000u\000m}{section.B.2}% 79
\BOOKMARK [0][-]{appendix.C}{\376\377\000F\000i\000n\000i\000t\000e\000\040\000D\000i\000f\000f\000e\000r\000e\000n\000c\000e\000\040\000T\000e\000c\000h\000n\000i\000q\000u\000e\000s\000\040\000a\000p\000p\000l\000i\000e\000d\000\040\000t\000o\000\040\000t\000h\000e\000\040\000T\000r\000a\000n\000s\000p\000o\000r\000t\000\040\000E\000q\000u\000a\000t\000i\000o\000n}{}% 80
\BOOKMARK [1][-]{section.C.1}{\376\377\000D\000i\000f\000f\000u\000s\000i\000o\000n}{appendix.C}% 81
\BOOKMARK [2][-]{subsection.C.1.1}{\376\377\000S\000t\000a\000b\000i\000l\000i\000t\000y\000\040\000o\000f\000\040\000t\000h\000e\000\040\000F\000i\000n\000i\000t\000e\000\040\000D\000i\000f\000f\000e\000r\000e\000n\000c\000e}{section.C.1}% 82
\BOOKMARK [1][-]{section.C.2}{\376\377\000A\000d\000v\000e\000c\000t\000i\000o\000n}{appendix.C}% 83
\BOOKMARK [0][-]{appendix.D}{\376\377\000V\000a\000r\000i\000a\000n\000c\000e\000\040\000o\000f\000\040\000d\000i\000f\000f\000u\000s\000i\000o\000n\000\040\000i\000n\000\040\000n\000\040\000d\000i\000m\000e\000n\000s\000i\000o\000n\000s}{}% 84
\BOOKMARK [1][-]{section.D.1}{\376\377\0001\000D\000\040\000D\000i\000f\000f\000u\000s\000i\000o\000n}{appendix.D}% 85
\BOOKMARK [1][-]{section.D.2}{\376\377\0002\000D\000\040\000D\000i\000f\000f\000u\000s\000i\000o\000n}{appendix.D}% 86
\BOOKMARK [1][-]{section.D.3}{\376\377\0003\000D\000\040\000D\000i\000f\000f\000u\000s\000i\000o\000n}{appendix.D}% 87
\BOOKMARK [0][-]{appendix.E}{\376\377\000M\000i\000s\000c\000e\000l\000l\000a\000n\000e\000o\000u\000s\000\040\000T\000a\000b\000l\000e\000s}{}% 88
